  TravellingSalesmanProblem.cpp
C:\Users\jakub\source\repos\git\travelling-salesman-problem\TravellingSalesmanProblem\TravellingSalesmanProblem.cpp(28,11): warning C4244: 'initializing': conversion from 'double' to 'int', possible loss of data
C:\Users\jakub\source\repos\git\travelling-salesman-problem\TravellingSalesmanProblem\TravellingSalesmanProblem.cpp(29,10): warning C4244: 'return': conversion from 'int' to 'float', possible loss of data
C:\Users\jakub\source\repos\git\travelling-salesman-problem\TravellingSalesmanProblem\TravellingSalesmanProblem.cpp(41,62): warning C4244: '=': conversion from 'float' to '_Ty', possible loss of data
          with
          [
              _Ty=int
          ]
C:\Users\jakub\source\repos\git\travelling-salesman-problem\TravellingSalesmanProblem\TravellingSalesmanProblem.cpp(82,1): warning C4267: 'initializing': conversion from 'size_t' to 'unsigned int', possible loss of data
C:\Users\jakub\source\repos\git\travelling-salesman-problem\TravellingSalesmanProblem\TravellingSalesmanProblem.cpp(121,1): warning C4267: 'initializing': conversion from 'size_t' to 'int', possible loss of data
C:\Users\jakub\source\repos\git\travelling-salesman-problem\TravellingSalesmanProblem\TravellingSalesmanProblem.cpp(212,14): warning C4244: 'return': conversion from 'double' to 'float', possible loss of data
C:\Users\jakub\source\repos\git\travelling-salesman-problem\TravellingSalesmanProblem\TravellingSalesmanProblem.cpp(283,1): warning C4267: 'initializing': conversion from 'size_t' to 'unsigned int', possible loss of data
C:\Users\jakub\source\repos\git\travelling-salesman-problem\TravellingSalesmanProblem\TravellingSalesmanProblem.cpp(332,19): warning C4244: '=': conversion from 'double' to 'int', possible loss of data
C:\Users\jakub\source\repos\git\travelling-salesman-problem\TravellingSalesmanProblem\TravellingSalesmanProblem.cpp(377,14): warning C4244: 'return': conversion from 'double' to 'float', possible loss of data
C:\Users\jakub\source\repos\git\travelling-salesman-problem\TravellingSalesmanProblem\TravellingSalesmanProblem.cpp(400,21): warning C4101: 'sol1': unreferenced local variable
  Generating code
  0 of 444 functions ( 0.0%) were compiled, the rest were copied from previous compilation.
    0 functions were new in current compilation
    0 functions had inline decision re-evaluated but remain unchanged
  Finished generating code
  TravellingSalesmanProblem.vcxproj -> C:\Users\jakub\source\repos\git\travelling-salesman-problem\x64\Release\TravellingSalesmanProblem.exe
